<?xml version="1.0" encoding="UTF-8"?>
<!-- Generated by org.testng.reporters.JUnitReportReporter -->
<testsuite skipped="0" hostname="M2B-D-6YRLXH2" name="com.automation.upd.tests.PolicyStagingTest" tests="1" failures="0" timestamp="06 Sep 2019 11:43:56 GMT" time="146.590" errors="0">
  <testcase name="loginTest" time="146.590" classname="com.automation.upd.tests.PolicyStagingTest"/>
</testsuite> <!-- com.automation.upd.tests.PolicyStagingTest -->
